<?xml version="1.0" encoding="UTF-8"?>
<coverage generated="1718762677016" clover="3.2.0">
  <project timestamp="1718762677016" name="All files">
    <metrics statements="23" coveredstatements="23" conditionals="10" coveredconditionals="10" methods="5" coveredmethods="5" elements="38" coveredelements="38" complexity="0" loc="23" ncloc="23" packages="1" files="1" classes="1"/>
    <file name="stringCalculator.js" path="C:\Users\arvin\Desktop\IncoByte\IncubyteTDDAssessment\stringCalculator.js">
      <metrics statements="23" coveredstatements="23" conditionals="10" coveredconditionals="10" methods="5" coveredmethods="5"/>
      <line num="1" count="1" type="stmt"/>
      <line num="2" count="10" type="stmt"/>
      <line num="3" count="10" type="stmt"/>
      <line num="4" count="10" type="cond" truecount="2" falsecount="0"/>
      <line num="5" count="2" type="stmt"/>
      <line num="6" count="2" type="stmt"/>
      <line num="8" count="10" type="cond" truecount="2" falsecount="0"/>
      <line num="9" count="3" type="stmt"/>
      <line num="11" count="28" type="stmt"/>
      <line num="13" count="10" type="stmt"/>
      <line num="14" count="28" type="cond" truecount="2" falsecount="0"/>
      <line num="15" count="5" type="stmt"/>
      <line num="16" count="5" type="stmt"/>
      <line num="20" count="28" type="stmt"/>
      <line num="22" count="10" type="stmt"/>
      <line num="24" count="10" type="stmt"/>
      <line num="25" count="10" type="cond" truecount="2" falsecount="0"/>
      <line num="26" count="9" type="stmt"/>
      <line num="27" count="3" type="stmt"/>
      <line num="30" count="3" type="stmt"/>
      <line num="32" count="10" type="cond" truecount="2" falsecount="0"/>
      <line num="35" count="1" type="stmt"/>
      <line num="37" count="1" type="stmt"/>
    </file>
  </project>
</coverage>
