{"C:\\Users\\arvin\\Desktop\\IncoByte\\IncubyteTDDAssessment\\stringCalculator.js": {"path":"C:\\Users\\arvin\\Desktop\\IncoByte\\IncubyteTDDAssessment\\stringCalculator.js","statementMap":{"0":{"start":{"line":1,"column":12},"end":{"line":13,"column":1}},"1":{"start":{"line":2,"column":20},"end":{"line":2,"column":23}},"2":{"start":{"line":3,"column":4},"end":{"line":6,"column":5}},"3":{"start":{"line":4,"column":8},"end":{"line":4,"column":28}},"4":{"start":{"line":5,"column":8},"end":{"line":5,"column":32}},"5":{"start":{"line":7,"column":4},"end":{"line":9,"column":5}},"6":{"start":{"line":8,"column":8},"end":{"line":8,"column":53}},"7":{"start":{"line":10,"column":17},"end":{"line":10,"column":67}},"8":{"start":{"line":10,"column":55},"end":{"line":10,"column":66}},"9":{"start":{"line":11,"column":16},"end":{"line":11,"column":57}},"10":{"start":{"line":11,"column":43},"end":{"line":11,"column":53}},"11":{"start":{"line":12,"column":4},"end":{"line":12,"column":14}},"12":{"start":{"line":16,"column":0},"end":{"line":16,"column":20}}},"fnMap":{"0":{"name":"(anonymous_0)","decl":{"start":{"line":1,"column":12},"end":{"line":1,"column":13}},"loc":{"start":{"line":1,"column":25},"end":{"line":13,"column":1}},"line":1},"1":{"name":"(anonymous_1)","decl":{"start":{"line":10,"column":46},"end":{"line":10,"column":47}},"loc":{"start":{"line":10,"column":55},"end":{"line":10,"column":66}},"line":10},"2":{"name":"(anonymous_2)","decl":{"start":{"line":11,"column":28},"end":{"line":11,"column":29}},"loc":{"start":{"line":11,"column":43},"end":{"line":11,"column":53}},"line":11}},"branchMap":{"0":{"loc":{"start":{"line":3,"column":4},"end":{"line":6,"column":5}},"type":"if","locations":[{"start":{"line":3,"column":4},"end":{"line":6,"column":5}},{"start":{},"end":{}}],"line":3},"1":{"loc":{"start":{"line":7,"column":4},"end":{"line":9,"column":5}},"type":"if","locations":[{"start":{"line":7,"column":4},"end":{"line":9,"column":5}},{"start":{},"end":{}}],"line":7}},"s":{"0":1,"1":7,"2":7,"3":2,"4":2,"5":7,"6":3,"7":7,"8":19,"9":7,"10":19,"11":7,"12":1},"f":{"0":7,"1":19,"2":19},"b":{"0":[2,5],"1":[3,4]},"_coverageSchema":"1a1c01bbd47fc00a2c39e90264f33305004495a9","hash":"c5b6b09923ea764900a2c0046336abd3dfba2bb2"}
}
