{"C:\\Users\\arvin\\Desktop\\IncoByte\\IncubyteTDDAssessment\\stringCalculator.js": {"path":"C:\\Users\\arvin\\Desktop\\IncoByte\\IncubyteTDDAssessment\\stringCalculator.js","statementMap":{"0":{"start":{"line":1,"column":12},"end":{"line":5,"column":1}},"1":{"start":{"line":2,"column":17},"end":{"line":2,"column":61}},"2":{"start":{"line":2,"column":49},"end":{"line":2,"column":60}},"3":{"start":{"line":3,"column":16},"end":{"line":3,"column":57}},"4":{"start":{"line":3,"column":43},"end":{"line":3,"column":53}},"5":{"start":{"line":4,"column":4},"end":{"line":4,"column":14}},"6":{"start":{"line":8,"column":0},"end":{"line":8,"column":20}}},"fnMap":{"0":{"name":"(anonymous_0)","decl":{"start":{"line":1,"column":12},"end":{"line":1,"column":13}},"loc":{"start":{"line":1,"column":25},"end":{"line":5,"column":1}},"line":1},"1":{"name":"(anonymous_1)","decl":{"start":{"line":2,"column":40},"end":{"line":2,"column":41}},"loc":{"start":{"line":2,"column":49},"end":{"line":2,"column":60}},"line":2},"2":{"name":"(anonymous_2)","decl":{"start":{"line":3,"column":28},"end":{"line":3,"column":29}},"loc":{"start":{"line":3,"column":43},"end":{"line":3,"column":53}},"line":3}},"branchMap":{},"s":{"0":1,"1":3,"2":4,"3":3,"4":4,"5":3,"6":1},"f":{"0":3,"1":4,"2":4},"b":{},"_coverageSchema":"1a1c01bbd47fc00a2c39e90264f33305004495a9","hash":"adb326e12df5055767d588b36d7933009ffcefb8"}
}
