TN:
SF:stringCalculator.js
FN:1,(anonymous_0)
FN:11,(anonymous_1)
FN:13,(anonymous_2)
FN:20,(anonymous_3)
FN:26,(anonymous_4)
FNF:5
FNH:5
FNDA:10,(anonymous_0)
FNDA:28,(anonymous_1)
FNDA:28,(anonymous_2)
FNDA:28,(anonymous_3)
FNDA:9,(anonymous_4)
DA:1,1
DA:2,10
DA:3,10
DA:4,10
DA:5,2
DA:6,2
DA:8,10
DA:9,3
DA:11,28
DA:13,10
DA:14,28
DA:15,5
DA:16,5
DA:20,28
DA:22,10
DA:24,10
DA:25,10
DA:26,9
DA:27,3
DA:30,3
DA:32,10
DA:35,1
DA:37,1
LF:23
LH:23
BRDA:4,0,0,2
BRDA:4,0,1,8
BRDA:8,1,0,3
BRDA:8,1,1,7
BRDA:14,2,0,5
BRDA:14,2,1,23
BRDA:25,3,0,3
BRDA:25,3,1,7
BRDA:32,4,0,7
BRDA:32,4,1,3
BRF:10
BRH:10
end_of_record
