TN:
SF:stringCalculator.js
FN:2,(anonymous_0)
FN:14,(anonymous_1)
FN:14,(anonymous_2)
FN:16,(anonymous_3)
FN:23,(anonymous_4)
FN:29,(anonymous_5)
FNF:6
FNH:6
FNDA:10,(anonymous_0)
FNDA:27,(anonymous_1)
FNDA:27,(anonymous_2)
FNDA:26,(anonymous_3)
FNDA:26,(anonymous_4)
FNDA:6,(anonymous_5)
DA:1,1
DA:2,1
DA:3,10
DA:5,10
DA:6,10
DA:7,10
DA:8,2
DA:9,2
DA:11,10
DA:12,3
DA:14,27
DA:16,10
DA:17,26
DA:18,3
DA:19,3
DA:23,26
DA:25,10
DA:27,10
DA:28,10
DA:29,6
DA:30,2
DA:33,2
DA:35,10
DA:38,1
LF:24
LH:24
BRDA:7,0,0,2
BRDA:7,0,1,8
BRDA:11,1,0,3
BRDA:11,1,1,7
BRDA:17,2,0,3
BRDA:17,2,1,23
BRDA:28,3,0,2
BRDA:28,3,1,8
BRDA:35,4,0,8
BRDA:35,4,1,2
BRF:10
BRH:10
end_of_record
